2017.12.31 11:56:49 INFO  [o.s.s.c.t.CeWorkerCallableImpl] Execute task | project=demo2 | type=REPORT | id=AWCrQFNYizpWIN2deSX8
2017.12.31 11:56:55 INFO  [o.s.s.c.s.ExtractReportStep] Analysis report extracted | compressedSize=17 KB
2017.12.31 11:56:55 INFO  [o.s.s.c.s.ComputationStepExecutor] Extract report | time=129ms
2017.12.31 11:56:55 INFO  [o.s.s.c.s.LogScannerContextStep] SonarQube plugins:
2017.12.31 11:56:55 INFO  [o.s.s.c.s.LogScannerContextStep]   - C# 5.0 (csharp)
2017.12.31 11:56:55 INFO  [o.s.s.c.s.LogScannerContextStep]   - Java 3.13.1 (java)
2017.12.31 11:56:55 INFO  [o.s.s.c.s.LogScannerContextStep]   - SVN 1.3 (scmsvn)
2017.12.31 11:56:55 INFO  [o.s.s.c.s.LogScannerContextStep]   - Git 1.2 (scmgit)
2017.12.31 11:56:55 INFO  [o.s.s.c.s.LogScannerContextStep]   - JavaScript 2.11 (javascript)
2017.12.31 11:56:55 INFO  [o.s.s.c.s.LogScannerContextStep] Global properties:
2017.12.31 11:56:55 INFO  [o.s.s.c.s.LogScannerContextStep]   - sonar.core.id=20171231112711
2017.12.31 11:56:55 INFO  [o.s.s.c.s.LogScannerContextStep]   - sonar.core.startTime=2017-12-31T11:27:11+0530
2017.12.31 11:56:55 INFO  [o.s.s.c.s.LogScannerContextStep]   - sonar.core.version=5.5
2017.12.31 11:56:55 INFO  [o.s.s.c.s.LogScannerContextStep]   - sonar.permission.template.default=default_template
2017.12.31 11:56:55 INFO  [o.s.s.c.s.LogScannerContextStep]   - sonar.qualitygate=1
2017.12.31 11:56:55 INFO  [o.s.s.c.s.LogScannerContextStep] Settings for module: demo2
2017.12.31 11:56:55 INFO  [o.s.s.c.s.LogScannerContextStep]   - sonar.host.url=http://localhost:9000
2017.12.31 11:56:55 INFO  [o.s.s.c.s.LogScannerContextStep]   - sonar.projectBaseDir=C:\Users\Personal\.jenkins\workspace\SonarTest2
2017.12.31 11:56:55 INFO  [o.s.s.c.s.LogScannerContextStep]   - sonar.projectKey=demo2
2017.12.31 11:56:55 INFO  [o.s.s.c.s.LogScannerContextStep]   - sonar.projectName=demo2
2017.12.31 11:56:55 INFO  [o.s.s.c.s.LogScannerContextStep]   - sonar.projectVersion=1.0
2017.12.31 11:56:55 INFO  [o.s.s.c.s.LogScannerContextStep]   - sonar.sourceEncoding=windows-1252
2017.12.31 11:56:55 INFO  [o.s.s.c.s.LogScannerContextStep]   - sonar.sources=src
2017.12.31 11:56:55 INFO  [o.s.s.c.s.LogScannerContextStep]   - sonar.working.directory=C:\Users\Personal\.jenkins\workspace\SonarTest2\.sonar
2017.12.31 11:56:55 INFO  [o.s.s.c.s.ComputationStepExecutor] Log scanner context | time=182ms
2017.12.31 11:56:57 INFO  [o.s.s.c.s.ComputationStepExecutor] Load analysis metadata | time=1858ms
2017.12.31 11:56:58 INFO  [o.s.s.c.s.ComputationStepExecutor] Build tree of components | time=501ms
2017.12.31 11:56:58 INFO  [o.s.s.c.s.ComputationStepExecutor] Validate project | time=105ms
2017.12.31 11:57:00 INFO  [o.s.s.c.s.ComputationStepExecutor] Load quality profiles | time=1929ms
2017.12.31 11:57:00 INFO  [o.s.s.c.s.ComputationStepExecutor] Load Quality gate | time=176ms
2017.12.31 11:57:00 INFO  [o.s.s.c.s.ComputationStepExecutor] Load differential periods | time=484ms
2017.12.31 11:57:01 INFO  [o.s.s.c.s.ComputationStepExecutor] Load inner file and in project duplications | time=92ms
2017.12.31 11:57:01 INFO  [o.s.s.c.d.CrossProjectDuplicationStatusHolderImpl] Cross project duplication is disabled because it's disabled in the analysis report
2017.12.31 11:57:01 INFO  [o.s.s.c.s.ComputationStepExecutor] Compute cross project duplications | time=0ms
2017.12.31 11:57:01 INFO  [o.s.s.c.s.ComputationStepExecutor] Compute size measures | time=424ms
2017.12.31 11:57:02 INFO  [o.s.s.c.s.ComputationStepExecutor] Compute new coverage | time=580ms
2017.12.31 11:57:02 INFO  [o.s.s.c.s.ComputationStepExecutor] Compute coverage measures | time=6ms
2017.12.31 11:57:02 INFO  [o.s.s.c.s.ComputationStepExecutor] Compute comment measures | time=5ms
2017.12.31 11:57:02 INFO  [o.s.s.c.s.ComputationStepExecutor] Copy custom measures | time=28ms
2017.12.31 11:57:02 INFO  [o.s.s.c.s.ComputationStepExecutor] Compute duplication measures | time=3ms
2017.12.31 11:57:02 INFO  [o.s.s.c.s.ComputationStepExecutor] Compute duplication data measures | time=1ms
2017.12.31 11:57:03 INFO  [o.s.s.c.s.ComputationStepExecutor] Compute language distribution | time=1182ms
2017.12.31 11:57:03 INFO  [o.s.s.c.s.ComputationStepExecutor] Compute test measures | time=1ms
2017.12.31 11:57:05 INFO  [o.s.s.c.s.ComputationStepExecutor] Compute complexity measures | time=1196ms
2017.12.31 11:57:05 INFO  [o.s.s.c.s.ComputationStepExecutor] Load measure computers | time=8ms
2017.12.31 11:57:07 INFO  [o.s.s.c.s.ExecuteVisitorsStep]   Execution time for each component visitor:
2017.12.31 11:57:07 INFO  [o.s.s.c.s.ExecuteVisitorsStep]   - LoadComponentUuidsHavingOpenIssuesVisitor | time=9ms
2017.12.31 11:57:07 INFO  [o.s.s.c.s.ExecuteVisitorsStep]   - IntegrateIssuesVisitor | time=1714ms
2017.12.31 11:57:07 INFO  [o.s.s.c.s.ExecuteVisitorsStep]   - CloseIssuesOnRemovedComponentsVisitor | time=0ms
2017.12.31 11:57:07 INFO  [o.s.s.c.s.ExecuteVisitorsStep]   - QualityModelMeasuresVisitor | time=1ms
2017.12.31 11:57:07 INFO  [o.s.s.c.s.ExecuteVisitorsStep]   - NewQualityModelMeasuresVisitor | time=1ms
2017.12.31 11:57:07 INFO  [o.s.s.c.s.ExecuteVisitorsStep]   - LastCommitVisitor | time=0ms
2017.12.31 11:57:07 INFO  [o.s.s.c.s.ExecuteVisitorsStep]   - MeasureComputersVisitor | time=29ms
2017.12.31 11:57:07 INFO  [o.s.s.c.s.ComputationStepExecutor] Execute component visitors | time=1768ms
2017.12.31 11:57:07 INFO  [o.s.s.c.s.ComputationStepExecutor] Compute measure variations | time=73ms
2017.12.31 11:57:07 INFO  [o.s.s.c.s.ComputationStepExecutor] Compute Quality Gate measures | time=173ms
2017.12.31 11:57:07 INFO  [o.s.s.c.s.ComputationStepExecutor] Compute Quality profile measures | time=347ms
2017.12.31 11:57:07 INFO  [o.s.s.c.s.ComputationStepExecutor] Generate Quality profile events | time=10ms
2017.12.31 11:57:07 INFO  [o.s.s.c.s.ComputationStepExecutor] Generate Quality gate events | time=6ms
2017.12.31 11:57:07 INFO  [o.s.s.c.s.ComputationStepExecutor] Persist components | time=43ms
2017.12.31 11:57:07 INFO  [o.s.s.c.s.ComputationStepExecutor] Persist snapshots | time=73ms
2017.12.31 11:57:08 INFO  [o.s.s.c.s.ComputationStepExecutor] Persist measures | time=683ms
2017.12.31 11:57:08 INFO  [o.s.s.c.s.ComputationStepExecutor] Persist issues | time=312ms
2017.12.31 11:57:08 INFO  [o.s.s.c.s.ComputationStepExecutor] Persist project links | time=5ms
2017.12.31 11:57:08 INFO  [o.s.s.c.s.ComputationStepExecutor] Persist events | time=7ms
2017.12.31 11:57:10 INFO  [o.s.s.c.s.ComputationStepExecutor] Persist sources | time=1089ms
2017.12.31 11:57:10 INFO  [o.s.s.c.s.ComputationStepExecutor] Persist tests | time=57ms
2017.12.31 11:57:10 INFO  [o.s.s.c.s.ComputationStepExecutor] Persist cross project duplications index | time=0ms
2017.12.31 11:57:10 INFO  [o.s.s.c.s.ComputationStepExecutor] Enable snapshot | time=24ms
2017.12.31 11:57:10 INFO  [o.s.s.c.s.ComputationStepExecutor] Index components | time=63ms
2017.12.31 11:57:13 INFO  [o.s.s.c.s.ComputationStepExecutor] Purge db | time=2700ms
2017.12.31 11:57:13 INFO  [o.s.s.c.s.ComputationStepExecutor] Apply permissions | time=10ms
2017.12.31 11:57:17 INFO  [o.s.s.c.s.ComputationStepExecutor] Index issues | time=3693ms
2017.12.31 11:57:17 INFO  [o.s.s.c.s.ComputationStepExecutor] Index tests | time=285ms
2017.12.31 11:57:17 INFO  [o.s.s.c.s.ComputationStepExecutor] Send issue notifications | time=17ms
2017.12.31 11:57:17 INFO  [o.s.s.c.s.ComputationStepExecutor] Publish task results | time=1ms
2017.12.31 11:57:17 INFO  [o.s.s.c.t.CeWorkerCallableImpl] Executed task | project=demo2 | type=REPORT | id=AWCrQFNYizpWIN2deSX8 | time=28316ms
