2018.01.10 12:40:46 INFO  [o.s.s.c.t.CeWorkerCallableImpl] Execute task | project=Test2ANT | type=REPORT | id=AWDe6Cd7SLcOEbXuh8X8
2018.01.10 12:40:47 INFO  [o.s.s.c.s.ExtractReportStep] Analysis report extracted | compressedSize=18 KB
2018.01.10 12:40:47 INFO  [o.s.s.c.s.ComputationStepExecutor] Extract report | time=200ms
2018.01.10 12:40:47 INFO  [o.s.s.c.s.LogScannerContextStep] SonarQube plugins:
2018.01.10 12:40:47 INFO  [o.s.s.c.s.LogScannerContextStep]   - C# 5.0 (csharp)
2018.01.10 12:40:47 INFO  [o.s.s.c.s.LogScannerContextStep]   - Java 3.13.1 (java)
2018.01.10 12:40:47 INFO  [o.s.s.c.s.LogScannerContextStep]   - SVN 1.3 (scmsvn)
2018.01.10 12:40:47 INFO  [o.s.s.c.s.LogScannerContextStep]   - Git 1.2 (scmgit)
2018.01.10 12:40:47 INFO  [o.s.s.c.s.LogScannerContextStep]   - JavaScript 2.11 (javascript)
2018.01.10 12:40:47 INFO  [o.s.s.c.s.LogScannerContextStep] Global properties:
2018.01.10 12:40:47 INFO  [o.s.s.c.s.LogScannerContextStep]   - sonar.core.id=20180110123812
2018.01.10 12:40:47 INFO  [o.s.s.c.s.LogScannerContextStep]   - sonar.core.startTime=2018-01-10T12:38:12+0530
2018.01.10 12:40:47 INFO  [o.s.s.c.s.LogScannerContextStep]   - sonar.core.version=5.5
2018.01.10 12:40:47 INFO  [o.s.s.c.s.LogScannerContextStep]   - sonar.permission.template.default=default_template
2018.01.10 12:40:47 INFO  [o.s.s.c.s.LogScannerContextStep]   - sonar.qualitygate=1
2018.01.10 12:40:47 INFO  [o.s.s.c.s.LogScannerContextStep] Settings for module: Test2ANT
2018.01.10 12:40:47 INFO  [o.s.s.c.s.LogScannerContextStep]   - sonar.host.url=http://localhost:9000
2018.01.10 12:40:47 INFO  [o.s.s.c.s.LogScannerContextStep]   - sonar.projectBaseDir=C:\Users\Personal\.jenkins\workspace\Test2ANT
2018.01.10 12:40:47 INFO  [o.s.s.c.s.LogScannerContextStep]   - sonar.projectKey=Test2ANT
2018.01.10 12:40:47 INFO  [o.s.s.c.s.LogScannerContextStep]   - sonar.projectName=Test2ANT
2018.01.10 12:40:47 INFO  [o.s.s.c.s.LogScannerContextStep]   - sonar.projectVersion=1.0
2018.01.10 12:40:47 INFO  [o.s.s.c.s.LogScannerContextStep]   - sonar.sourceEncoding=windows-1252
2018.01.10 12:40:47 INFO  [o.s.s.c.s.LogScannerContextStep]   - sonar.sources=src
2018.01.10 12:40:47 INFO  [o.s.s.c.s.LogScannerContextStep]   - sonar.working.directory=C:\Users\Personal\.jenkins\workspace\Test2ANT\.sonar
2018.01.10 12:40:47 INFO  [o.s.s.c.s.ComputationStepExecutor] Log scanner context | time=42ms
2018.01.10 12:40:48 INFO  [o.s.s.c.s.ComputationStepExecutor] Load analysis metadata | time=324ms
2018.01.10 12:40:48 INFO  [o.s.s.c.s.ComputationStepExecutor] Build tree of components | time=243ms
2018.01.10 12:40:48 INFO  [o.s.s.c.s.ComputationStepExecutor] Validate project | time=62ms
2018.01.10 12:40:49 INFO  [o.s.s.c.s.ComputationStepExecutor] Load quality profiles | time=722ms
2018.01.10 12:40:49 INFO  [o.s.s.c.s.ComputationStepExecutor] Load Quality gate | time=28ms
2018.01.10 12:40:49 INFO  [o.s.s.c.s.ComputationStepExecutor] Load differential periods | time=46ms
2018.01.10 12:40:49 INFO  [o.s.s.c.s.ComputationStepExecutor] Load inner file and in project duplications | time=14ms
2018.01.10 12:40:49 INFO  [o.s.s.c.d.CrossProjectDuplicationStatusHolderImpl] Cross project duplication is disabled because it's disabled in the analysis report
2018.01.10 12:40:49 INFO  [o.s.s.c.s.ComputationStepExecutor] Compute cross project duplications | time=0ms
2018.01.10 12:40:49 INFO  [o.s.s.c.s.ComputationStepExecutor] Compute size measures | time=24ms
2018.01.10 12:40:49 INFO  [o.s.s.c.s.ComputationStepExecutor] Compute new coverage | time=23ms
2018.01.10 12:40:49 INFO  [o.s.s.c.s.ComputationStepExecutor] Compute coverage measures | time=3ms
2018.01.10 12:40:49 INFO  [o.s.s.c.s.ComputationStepExecutor] Compute comment measures | time=2ms
2018.01.10 12:40:49 INFO  [o.s.s.c.s.ComputationStepExecutor] Copy custom measures | time=27ms
2018.01.10 12:40:49 INFO  [o.s.s.c.s.ComputationStepExecutor] Compute duplication measures | time=6ms
2018.01.10 12:40:49 INFO  [o.s.s.c.s.ComputationStepExecutor] Compute duplication data measures | time=2ms
2018.01.10 12:40:49 INFO  [o.s.s.c.s.ComputationStepExecutor] Compute language distribution | time=152ms
2018.01.10 12:40:49 INFO  [o.s.s.c.s.ComputationStepExecutor] Compute test measures | time=1ms
2018.01.10 12:40:49 INFO  [o.s.s.c.s.ComputationStepExecutor] Compute complexity measures | time=56ms
2018.01.10 12:40:49 INFO  [o.s.s.c.s.ComputationStepExecutor] Load measure computers | time=4ms
2018.01.10 12:40:50 INFO  [o.s.s.c.s.ExecuteVisitorsStep]   Execution time for each component visitor:
2018.01.10 12:40:50 INFO  [o.s.s.c.s.ExecuteVisitorsStep]   - LoadComponentUuidsHavingOpenIssuesVisitor | time=12ms
2018.01.10 12:40:50 INFO  [o.s.s.c.s.ExecuteVisitorsStep]   - IntegrateIssuesVisitor | time=893ms
2018.01.10 12:40:50 INFO  [o.s.s.c.s.ExecuteVisitorsStep]   - CloseIssuesOnRemovedComponentsVisitor | time=0ms
2018.01.10 12:40:50 INFO  [o.s.s.c.s.ExecuteVisitorsStep]   - QualityModelMeasuresVisitor | time=1ms
2018.01.10 12:40:50 INFO  [o.s.s.c.s.ExecuteVisitorsStep]   - NewQualityModelMeasuresVisitor | time=1ms
2018.01.10 12:40:50 INFO  [o.s.s.c.s.ExecuteVisitorsStep]   - LastCommitVisitor | time=1ms
2018.01.10 12:40:50 INFO  [o.s.s.c.s.ExecuteVisitorsStep]   - MeasureComputersVisitor | time=11ms
2018.01.10 12:40:50 INFO  [o.s.s.c.s.ComputationStepExecutor] Execute component visitors | time=928ms
2018.01.10 12:40:50 INFO  [o.s.s.c.s.ComputationStepExecutor] Compute measure variations | time=4ms
2018.01.10 12:40:50 INFO  [o.s.s.c.s.ComputationStepExecutor] Compute Quality Gate measures | time=44ms
2018.01.10 12:40:50 INFO  [o.s.s.c.s.ComputationStepExecutor] Compute Quality profile measures | time=20ms
2018.01.10 12:40:50 INFO  [o.s.s.c.s.ComputationStepExecutor] Generate Quality profile events | time=11ms
2018.01.10 12:40:50 INFO  [o.s.s.c.s.ComputationStepExecutor] Generate Quality gate events | time=5ms
2018.01.10 12:40:50 INFO  [o.s.s.c.s.ComputationStepExecutor] Persist components | time=30ms
2018.01.10 12:40:50 INFO  [o.s.s.c.s.ComputationStepExecutor] Persist snapshots | time=44ms
2018.01.10 12:40:51 INFO  [o.s.s.c.s.ComputationStepExecutor] Persist measures | time=295ms
2018.01.10 12:40:51 INFO  [o.s.s.c.s.ComputationStepExecutor] Persist issues | time=181ms
2018.01.10 12:40:51 INFO  [o.s.s.c.s.ComputationStepExecutor] Persist project links | time=19ms
2018.01.10 12:40:51 INFO  [o.s.s.c.s.ComputationStepExecutor] Persist events | time=10ms
2018.01.10 12:40:51 INFO  [o.s.s.c.s.ComputationStepExecutor] Persist sources | time=634ms
2018.01.10 12:40:52 INFO  [o.s.s.c.s.ComputationStepExecutor] Persist tests | time=4ms
2018.01.10 12:40:52 INFO  [o.s.s.c.s.ComputationStepExecutor] Persist cross project duplications index | time=0ms
2018.01.10 12:40:52 INFO  [o.s.s.c.s.ComputationStepExecutor] Enable snapshot | time=17ms
2018.01.10 12:40:52 INFO  [o.s.s.c.s.ComputationStepExecutor] Index components | time=48ms
2018.01.10 12:40:52 INFO  [o.s.s.c.s.ComputationStepExecutor] Purge db | time=215ms
2018.01.10 12:40:52 INFO  [o.s.s.c.s.ComputationStepExecutor] Apply permissions | time=14ms
2018.01.10 12:40:52 INFO  [o.s.s.c.s.ComputationStepExecutor] Index issues | time=445ms
2018.01.10 12:40:52 INFO  [o.s.s.c.s.ComputationStepExecutor] Index tests | time=26ms
2018.01.10 12:40:52 INFO  [o.s.s.c.s.ComputationStepExecutor] Send issue notifications | time=5ms
2018.01.10 12:40:52 INFO  [o.s.s.c.s.ComputationStepExecutor] Publish task results | time=0ms
2018.01.10 12:40:52 INFO  [o.s.s.c.t.CeWorkerCallableImpl] Executed task | project=Test2ANT | type=REPORT | id=AWDe6Cd7SLcOEbXuh8X8 | time=6478ms
